<?xml version="1.0" encoding="UTF-8"?>
<robot generator="Robot 6.1.1 (Python 3.11.4 on darwin)" generated="20241113 19:05:48.827" rpa="false" schemaversion="4">
<suite id="s1" name="Tests" source="/Users/mikaylinen/palautusrepositorio/viikko3/hello-robot/src/tests">
<suite id="s1-s1" name="Increase Counter" source="/Users/mikaylinen/palautusrepositorio/viikko3/hello-robot/src/tests/increase_counter.robot">
<test id="s1-s1-t1" name="Increase Counter Once" line="5">
<kw name="Counter Value Should Be" library="CounterLibrary">
<arg>0</arg>
<status status="PASS" starttime="20241113 19:05:48.835" endtime="20241113 19:05:48.835"/>
</kw>
<kw name="Increase Counter" library="CounterLibrary">
<status status="PASS" starttime="20241113 19:05:48.835" endtime="20241113 19:05:48.835"/>
</kw>
<kw name="Counter Value Should Be" library="CounterLibrary">
<arg>1</arg>
<status status="PASS" starttime="20241113 19:05:48.835" endtime="20241113 19:05:48.835"/>
</kw>
<status status="PASS" starttime="20241113 19:05:48.835" endtime="20241113 19:05:48.836"/>
</test>
<test id="s1-s1-t2" name="Increase Counter Many Times" line="10">
<kw name="Counter Value Should Be" library="CounterLibrary">
<arg>0</arg>
<status status="PASS" starttime="20241113 19:05:48.836" endtime="20241113 19:05:48.836"/>
</kw>
<kw name="Increase Counter" library="CounterLibrary">
<status status="PASS" starttime="20241113 19:05:48.836" endtime="20241113 19:05:48.836"/>
</kw>
<kw name="Increase Counter" library="CounterLibrary">
<status status="PASS" starttime="20241113 19:05:48.836" endtime="20241113 19:05:48.836"/>
</kw>
<kw name="Increase Counter" library="CounterLibrary">
<status status="PASS" starttime="20241113 19:05:48.836" endtime="20241113 19:05:48.836"/>
</kw>
<kw name="Counter Value Should Be" library="CounterLibrary">
<arg>3</arg>
<status status="PASS" starttime="20241113 19:05:48.836" endtime="20241113 19:05:48.836"/>
</kw>
<status status="PASS" starttime="20241113 19:05:48.836" endtime="20241113 19:05:48.836"/>
</test>
<test id="s1-s1-t3" name="Increment Counter By Amount" line="17">
<kw name="Counter Value Should Be" library="CounterLibrary">
<arg>0</arg>
<status status="PASS" starttime="20241113 19:05:48.836" endtime="20241113 19:05:48.836"/>
</kw>
<kw name="Increment Counter By" library="CounterLibrary">
<arg>5</arg>
<status status="PASS" starttime="20241113 19:05:48.836" endtime="20241113 19:05:48.836"/>
</kw>
<kw name="Counter Value Should Be" library="CounterLibrary">
<arg>5</arg>
<status status="PASS" starttime="20241113 19:05:48.836" endtime="20241113 19:05:48.836"/>
</kw>
<status status="PASS" starttime="20241113 19:05:48.836" endtime="20241113 19:05:48.836"/>
</test>
<test id="s1-s1-t4" name="Increase Counter Three Times" line="22">
<kw name="Increase Counter" library="CounterLibrary">
<status status="PASS" starttime="20241113 19:05:48.837" endtime="20241113 19:05:48.837"/>
</kw>
<kw name="Increase Counter" library="CounterLibrary">
<status status="PASS" starttime="20241113 19:05:48.837" endtime="20241113 19:05:48.837"/>
</kw>
<kw name="Increase Counter" library="CounterLibrary">
<status status="PASS" starttime="20241113 19:05:48.837" endtime="20241113 19:05:48.837"/>
</kw>
<status status="PASS" starttime="20241113 19:05:48.837" endtime="20241113 19:05:48.837"/>
</test>
<status status="PASS" starttime="20241113 19:05:48.834" endtime="20241113 19:05:48.837"/>
</suite>
<suite id="s1-s2" name="Reset Counter" source="/Users/mikaylinen/palautusrepositorio/viikko3/hello-robot/src/tests/reset_counter.robot">
<test id="s1-s2-t1" name="Reset Counter After One Increment" line="5">
<kw name="Counter Value Should Be" library="CounterLibrary">
<arg>0</arg>
<status status="PASS" starttime="20241113 19:05:48.838" endtime="20241113 19:05:48.838"/>
</kw>
<kw name="Increase Counter" library="CounterLibrary">
<status status="PASS" starttime="20241113 19:05:48.838" endtime="20241113 19:05:48.838"/>
</kw>
<kw name="Counter Value Should Be" library="CounterLibrary">
<arg>1</arg>
<status status="PASS" starttime="20241113 19:05:48.838" endtime="20241113 19:05:48.838"/>
</kw>
<kw name="Reset Counter" library="CounterLibrary">
<status status="PASS" starttime="20241113 19:05:48.838" endtime="20241113 19:05:48.838"/>
</kw>
<kw name="Counter Value Should Be" library="CounterLibrary">
<arg>0</arg>
<status status="PASS" starttime="20241113 19:05:48.838" endtime="20241113 19:05:48.838"/>
</kw>
<status status="PASS" starttime="20241113 19:05:48.838" endtime="20241113 19:05:48.838"/>
</test>
<test id="s1-s2-t2" name="Reset Counter After Several Increments" line="12">
<kw name="Counter Value Should Be" library="CounterLibrary">
<arg>0</arg>
<status status="PASS" starttime="20241113 19:05:48.838" endtime="20241113 19:05:48.838"/>
</kw>
<kw name="Increment Counter By" library="CounterLibrary">
<arg>5</arg>
<status status="PASS" starttime="20241113 19:05:48.838" endtime="20241113 19:05:48.838"/>
</kw>
<kw name="Counter Value Should Be" library="CounterLibrary">
<arg>5</arg>
<status status="PASS" starttime="20241113 19:05:48.838" endtime="20241113 19:05:48.838"/>
</kw>
<kw name="Reset Counter" library="CounterLibrary">
<status status="PASS" starttime="20241113 19:05:48.838" endtime="20241113 19:05:48.838"/>
</kw>
<kw name="Counter Value Should Be" library="CounterLibrary">
<arg>0</arg>
<status status="PASS" starttime="20241113 19:05:48.838" endtime="20241113 19:05:48.839"/>
</kw>
<status status="PASS" starttime="20241113 19:05:48.838" endtime="20241113 19:05:48.839"/>
</test>
<status status="PASS" starttime="20241113 19:05:48.837" endtime="20241113 19:05:48.839"/>
</suite>
<status status="PASS" starttime="20241113 19:05:48.828" endtime="20241113 19:05:48.839"/>
</suite>
<statistics>
<total>
<stat pass="6" fail="0" skip="0">All Tests</stat>
</total>
<tag>
</tag>
<suite>
<stat pass="6" fail="0" skip="0" id="s1" name="Tests">Tests</stat>
<stat pass="4" fail="0" skip="0" id="s1-s1" name="Increase Counter">Tests.Increase Counter</stat>
<stat pass="2" fail="0" skip="0" id="s1-s2" name="Reset Counter">Tests.Reset Counter</stat>
</suite>
</statistics>
<errors>
</errors>
</robot>
